app/build/intermediates/manifest_merge_blame_file/debug/manifest-merger-blame-debug-report.txt
1<?xml version="1.0" encoding="utf-8"?>
2<manifest xmlns:android="http://schemas.android.com/apk/res/android"
3    package="ucv.android.videomeeting"
4    android:versionCode="1"
5    android:versionName="1.0" >
6
7    <uses-sdk
8        android:minSdkVersion="21"
8-->src\main\AndroidManifest.xml
9        android:targetSdkVersion="30" />
9-->src\main\AndroidManifest.xml
10
11    <uses-permission android:name="android.permission.INTERNET" />
11-->src\main\AndroidManifest.xml:6:5-67
11-->src\main\AndroidManifest.xml:6:22-64
12
13    <!-- XXX ACCESS_NETWORK_STATE is required by WebRTC. -->
14    <uses-permission android:name="android.permission.ACCESS_NETWORK_STATE" />
14-->[org.jitsi.react:jitsi-meet-sdk:2.8.2] AndroidManifest.xml:9:5-79
14-->[org.jitsi.react:jitsi-meet-sdk:2.8.2] AndroidManifest.xml:9:22-76
15    <uses-permission android:name="android.permission.BLUETOOTH" />
15-->[org.jitsi.react:jitsi-meet-sdk:2.8.2] AndroidManifest.xml:10:5-68
15-->[org.jitsi.react:jitsi-meet-sdk:2.8.2] AndroidManifest.xml:10:22-65
16    <uses-permission android:name="android.permission.CAMERA" />
16-->[org.jitsi.react:jitsi-meet-sdk:2.8.2] AndroidManifest.xml:11:5-65
16-->[org.jitsi.react:jitsi-meet-sdk:2.8.2] AndroidManifest.xml:11:22-62
17    <uses-permission android:name="android.permission.MANAGE_OWN_CALLS" />
17-->[org.jitsi.react:jitsi-meet-sdk:2.8.2] AndroidManifest.xml:13:5-75
17-->[org.jitsi.react:jitsi-meet-sdk:2.8.2] AndroidManifest.xml:13:22-72
18    <uses-permission android:name="android.permission.MODIFY_AUDIO_SETTINGS" />
18-->[org.jitsi.react:jitsi-meet-sdk:2.8.2] AndroidManifest.xml:14:5-80
18-->[org.jitsi.react:jitsi-meet-sdk:2.8.2] AndroidManifest.xml:14:22-77
19    <uses-permission android:name="android.permission.RECORD_AUDIO" />
19-->[org.jitsi.react:jitsi-meet-sdk:2.8.2] AndroidManifest.xml:15:5-71
19-->[org.jitsi.react:jitsi-meet-sdk:2.8.2] AndroidManifest.xml:15:22-68
20    <uses-permission android:name="android.permission.SYSTEM_ALERT_WINDOW" />
20-->[org.jitsi.react:jitsi-meet-sdk:2.8.2] AndroidManifest.xml:16:5-78
20-->[org.jitsi.react:jitsi-meet-sdk:2.8.2] AndroidManifest.xml:16:22-75
21    <uses-permission android:name="android.permission.WAKE_LOCK" />
21-->[org.jitsi.react:jitsi-meet-sdk:2.8.2] AndroidManifest.xml:17:5-68
21-->[org.jitsi.react:jitsi-meet-sdk:2.8.2] AndroidManifest.xml:17:22-65
22    <uses-permission android:name="android.permission.ACCESS_WIFI_STATE" />
22-->[org.jitsi.react:jitsi-meet-sdk:2.8.2] AndroidManifest.xml:18:5-76
22-->[org.jitsi.react:jitsi-meet-sdk:2.8.2] AndroidManifest.xml:18:22-73
23    <uses-permission android:name="android.permission.FOREGROUND_SERVICE" />
23-->[org.jitsi.react:jitsi-meet-sdk:2.8.2] AndroidManifest.xml:19:5-77
23-->[org.jitsi.react:jitsi-meet-sdk:2.8.2] AndroidManifest.xml:19:22-74
24
25    <uses-feature
25-->[org.jitsi.react:jitsi-meet-sdk:2.8.2] AndroidManifest.xml:21:5-23:35
26        android:glEsVersion="0x00020000"
26-->[org.jitsi.react:jitsi-meet-sdk:2.8.2] AndroidManifest.xml:22:9-41
27        android:required="true" />
27-->[org.jitsi.react:jitsi-meet-sdk:2.8.2] AndroidManifest.xml:23:9-32
28    <uses-feature
28-->[org.jitsi.react:jitsi-meet-sdk:2.8.2] AndroidManifest.xml:24:5-26:36
29        android:name="android.hardware.camera"
29-->[org.jitsi.react:jitsi-meet-sdk:2.8.2] AndroidManifest.xml:25:9-47
30        android:required="false" />
30-->[org.jitsi.react:jitsi-meet-sdk:2.8.2] AndroidManifest.xml:26:9-33
31    <uses-feature
31-->[org.jitsi.react:jitsi-meet-sdk:2.8.2] AndroidManifest.xml:27:5-29:36
32        android:name="android.hardware.camera.autofocus"
32-->[org.jitsi.react:jitsi-meet-sdk:2.8.2] AndroidManifest.xml:28:9-57
33        android:required="false" />
33-->[org.jitsi.react:jitsi-meet-sdk:2.8.2] AndroidManifest.xml:29:9-33
34
35    <uses-permission android:name="android.permission.WRITE_CALENDAR" />
35-->[com.facebook.react:react-native-calendar-events:1.7.3-jitsi-4187680] AndroidManifest.xml:11:5-73
35-->[com.facebook.react:react-native-calendar-events:1.7.3-jitsi-4187680] AndroidManifest.xml:11:22-70
36    <uses-permission android:name="android.permission.READ_CALENDAR" /> <!-- Required by older versions of Google Play services to create IID tokens -->
36-->[com.facebook.react:react-native-calendar-events:1.7.3-jitsi-4187680] AndroidManifest.xml:12:5-72
36-->[com.facebook.react:react-native-calendar-events:1.7.3-jitsi-4187680] AndroidManifest.xml:12:22-69
37    <uses-permission android:name="com.google.android.c2dm.permission.RECEIVE" />
37-->[com.google.firebase:firebase-iid:20.2.3] AndroidManifest.xml:26:5-82
37-->[com.google.firebase:firebase-iid:20.2.3] AndroidManifest.xml:26:22-79
38
39    <application
39-->src\main\AndroidManifest.xml:8:5-41:19
40        android:allowBackup="true"
40-->src\main\AndroidManifest.xml:9:9-35
41        android:appComponentFactory="androidx.core.app.CoreComponentFactory"
41-->[androidx.core:core:1.5.0] AndroidManifest.xml:24:18-86
42        android:debuggable="true"
43        android:fullBackupContent="false"
43-->src\main\AndroidManifest.xml:10:9-42
44        android:icon="@mipmap/ic_launcher"
44-->src\main\AndroidManifest.xml:11:9-43
45        android:label="@string/app_name"
45-->src\main\AndroidManifest.xml:12:9-41
46        android:roundIcon="@mipmap/ic_launcher_round"
46-->src\main\AndroidManifest.xml:13:9-54
47        android:supportsRtl="true"
47-->src\main\AndroidManifest.xml:14:9-35
48        android:testOnly="true"
49        android:theme="@style/Theme.VideoMeeting"
49-->src\main\AndroidManifest.xml:16:9-50
50        android:usesCleartextTraffic="true" >
50-->src\main\AndroidManifest.xml:15:9-44
51        <activity
51-->src\main\AndroidManifest.xml:18:9-20:25
52            android:name="ucv.android.videomeeting.activities.activities.OutgoingInvitationActivity"
52-->src\main\AndroidManifest.xml:18:19-83
53            android:screenOrientation="portrait" />
53-->src\main\AndroidManifest.xml:19:13-49
54        <activity
54-->src\main\AndroidManifest.xml:21:9-22:51
55            android:name="ucv.android.videomeeting.activities.activities.IncomingInvitationActivity"
55-->src\main\AndroidManifest.xml:21:19-83
56            android:screenOrientation="portrait" />
56-->src\main\AndroidManifest.xml:22:13-49
57        <activity android:name="ucv.android.videomeeting.activities.activities.ContactaActivity" />
57-->src\main\AndroidManifest.xml:23:9-76
57-->src\main\AndroidManifest.xml:23:19-73
58        <activity android:name="ucv.android.videomeeting.activities.activities.IniciarSesion" >
58-->src\main\AndroidManifest.xml:24:9-26:20
58-->src\main\AndroidManifest.xml:24:19-70
59        </activity>
60        <activity android:name="ucv.android.videomeeting.activities.activities.MainActivity" >
60-->src\main\AndroidManifest.xml:27:9-33:20
60-->src\main\AndroidManifest.xml:27:19-69
61            <intent-filter>
61-->src\main\AndroidManifest.xml:28:13-32:29
62                <action android:name="android.intent.action.MAIN" />
62-->src\main\AndroidManifest.xml:29:17-69
62-->src\main\AndroidManifest.xml:29:25-66
63
64                <category android:name="android.intent.category.LAUNCHER" />
64-->src\main\AndroidManifest.xml:31:17-77
64-->src\main\AndroidManifest.xml:31:27-74
65            </intent-filter>
66        </activity>
67
68        <service
68-->src\main\AndroidManifest.xml:35:9-40:19
69            android:name="ucv.android.videomeeting.activities.firebase.MensajeServices"
69-->src\main\AndroidManifest.xml:35:18-69
70            android:exported="false" >
70-->src\main\AndroidManifest.xml:36:13-37
71            <intent-filter>
71-->src\main\AndroidManifest.xml:37:13-39:29
72                <action android:name="com.google.firebase.MESSAGING_EVENT" />
72-->src\main\AndroidManifest.xml:38:17-77
72-->src\main\AndroidManifest.xml:38:25-75
73            </intent-filter>
74        </service>
75
76        <activity
76-->[org.jitsi.react:jitsi-meet-sdk:2.8.2] AndroidManifest.xml:35:9-42:20
77            android:name="org.jitsi.meet.sdk.JitsiMeetActivity"
77-->[org.jitsi.react:jitsi-meet-sdk:2.8.2] AndroidManifest.xml:36:13-64
78            android:configChanges="keyboard|keyboardHidden|orientation|screenLayout|screenSize|smallestScreenSize"
78-->[org.jitsi.react:jitsi-meet-sdk:2.8.2] AndroidManifest.xml:37:13-115
79            android:launchMode="singleTask"
79-->[org.jitsi.react:jitsi-meet-sdk:2.8.2] AndroidManifest.xml:38:13-44
80            android:resizeableActivity="true"
80-->[org.jitsi.react:jitsi-meet-sdk:2.8.2] AndroidManifest.xml:39:13-46
81            android:supportsPictureInPicture="true"
81-->[org.jitsi.react:jitsi-meet-sdk:2.8.2] AndroidManifest.xml:40:13-52
82            android:windowSoftInputMode="adjustResize" >
82-->[org.jitsi.react:jitsi-meet-sdk:2.8.2] AndroidManifest.xml:41:13-55
83        </activity>
84        <activity android:name="com.facebook.react.devsupport.DevSettingsActivity" />
84-->[org.jitsi.react:jitsi-meet-sdk:2.8.2] AndroidManifest.xml:43:9-86
84-->[org.jitsi.react:jitsi-meet-sdk:2.8.2] AndroidManifest.xml:43:19-83
85
86        <service
86-->[org.jitsi.react:jitsi-meet-sdk:2.8.2] AndroidManifest.xml:45:9-51:19
87            android:name="org.jitsi.meet.sdk.ConnectionService"
87-->[org.jitsi.react:jitsi-meet-sdk:2.8.2] AndroidManifest.xml:46:13-64
88            android:permission="android.permission.BIND_TELECOM_CONNECTION_SERVICE" >
88-->[org.jitsi.react:jitsi-meet-sdk:2.8.2] AndroidManifest.xml:47:13-84
89            <intent-filter>
89-->[org.jitsi.react:jitsi-meet-sdk:2.8.2] AndroidManifest.xml:48:13-50:29
90                <action android:name="android.telecom.ConnectionService" />
90-->[org.jitsi.react:jitsi-meet-sdk:2.8.2] AndroidManifest.xml:49:17-76
90-->[org.jitsi.react:jitsi-meet-sdk:2.8.2] AndroidManifest.xml:49:25-73
91            </intent-filter>
92        </service>
93        <service android:name="org.jitsi.meet.sdk.JitsiMeetOngoingConferenceService" />
93-->[org.jitsi.react:jitsi-meet-sdk:2.8.2] AndroidManifest.xml:52:9-88
93-->[org.jitsi.react:jitsi-meet-sdk:2.8.2] AndroidManifest.xml:52:18-85
94
95        <provider
95-->[com.facebook.react:react-native-webview:7.4.1-jitsi-4187680] AndroidManifest.xml:12:9-20:20
96            android:name="com.reactnativecommunity.webview.RNCWebViewFileProvider"
96-->[com.facebook.react:react-native-webview:7.4.1-jitsi-4187680] AndroidManifest.xml:13:13-83
97            android:authorities="ucv.android.videomeeting.fileprovider"
97-->[com.facebook.react:react-native-webview:7.4.1-jitsi-4187680] AndroidManifest.xml:14:13-64
98            android:exported="false"
98-->[com.facebook.react:react-native-webview:7.4.1-jitsi-4187680] AndroidManifest.xml:15:13-37
99            android:grantUriPermissions="true" >
99-->[com.facebook.react:react-native-webview:7.4.1-jitsi-4187680] AndroidManifest.xml:16:13-47
100            <meta-data
100-->[com.facebook.react:react-native-webview:7.4.1-jitsi-4187680] AndroidManifest.xml:17:13-19:63
101                android:name="android.support.FILE_PROVIDER_PATHS"
101-->[com.facebook.react:react-native-webview:7.4.1-jitsi-4187680] AndroidManifest.xml:18:17-67
102                android:resource="@xml/file_provider_paths" />
102-->[com.facebook.react:react-native-webview:7.4.1-jitsi-4187680] AndroidManifest.xml:19:17-60
103        </provider>
104        <!--
105             FirebaseMessagingService performs security checks at runtime,
106             but set to not exported to explicitly avoid allowing another app to call it.
107        -->
108        <service
108-->[com.google.firebase:firebase-messaging:20.2.3] AndroidManifest.xml:28:9-35:19
109            android:name="com.google.firebase.messaging.FirebaseMessagingService"
109-->[com.google.firebase:firebase-messaging:20.2.3] AndroidManifest.xml:29:13-82
110            android:directBootAware="true"
110-->[com.google.firebase:firebase-messaging:20.2.3] AndroidManifest.xml:30:13-43
111            android:exported="false" >
111-->[com.google.firebase:firebase-messaging:20.2.3] AndroidManifest.xml:31:13-37
112            <intent-filter android:priority="-500" >
112-->src\main\AndroidManifest.xml:37:13-39:29
113                <action android:name="com.google.firebase.MESSAGING_EVENT" />
113-->src\main\AndroidManifest.xml:38:17-77
113-->src\main\AndroidManifest.xml:38:25-75
114            </intent-filter>
115        </service>
116        <service
116-->[com.google.firebase:firebase-messaging:20.2.3] AndroidManifest.xml:36:9-42:19
117            android:name="com.google.firebase.components.ComponentDiscoveryService"
117-->[com.google.firebase:firebase-messaging:20.2.3] AndroidManifest.xml:37:13-84
118            android:directBootAware="true"
118-->[com.google.firebase:firebase-common:20.0.0] AndroidManifest.xml:35:13-43
119            android:exported="false" >
119-->[com.google.firebase:firebase-messaging:20.2.3] AndroidManifest.xml:38:13-37
120            <meta-data
120-->[com.google.firebase:firebase-messaging:20.2.3] AndroidManifest.xml:39:13-41:85
121                android:name="com.google.firebase.components:com.google.firebase.messaging.FirebaseMessagingRegistrar"
121-->[com.google.firebase:firebase-messaging:20.2.3] AndroidManifest.xml:40:17-119
122                android:value="com.google.firebase.components.ComponentRegistrar" />
122-->[com.google.firebase:firebase-messaging:20.2.3] AndroidManifest.xml:41:17-82
123            <meta-data
123-->[com.google.firebase:firebase-firestore:23.0.1] AndroidManifest.xml:20:13-22:85
124                android:name="com.google.firebase.components:com.google.firebase.firestore.FirestoreRegistrar"
124-->[com.google.firebase:firebase-firestore:23.0.1] AndroidManifest.xml:21:17-111
125                android:value="com.google.firebase.components.ComponentRegistrar" />
125-->[com.google.firebase:firebase-firestore:23.0.1] AndroidManifest.xml:22:17-82
126            <meta-data
126-->[com.google.firebase:firebase-iid:20.2.3] AndroidManifest.xml:32:13-34:85
127                android:name="com.google.firebase.components:com.google.firebase.iid.Registrar"
127-->[com.google.firebase:firebase-iid:20.2.3] AndroidManifest.xml:33:17-96
128                android:value="com.google.firebase.components.ComponentRegistrar" />
128-->[com.google.firebase:firebase-iid:20.2.3] AndroidManifest.xml:34:17-82
129            <meta-data
129-->[com.google.firebase:firebase-installations:16.3.2] AndroidManifest.xml:17:13-19:85
130                android:name="com.google.firebase.components:com.google.firebase.installations.FirebaseInstallationsRegistrar"
130-->[com.google.firebase:firebase-installations:16.3.2] AndroidManifest.xml:18:17-127
131                android:value="com.google.firebase.components.ComponentRegistrar" />
131-->[com.google.firebase:firebase-installations:16.3.2] AndroidManifest.xml:19:17-82
132            <meta-data
132-->[com.google.firebase:firebase-datatransport:17.0.3] AndroidManifest.xml:28:13-30:85
133                android:name="com.google.firebase.components:com.google.firebase.datatransport.TransportRegistrar"
133-->[com.google.firebase:firebase-datatransport:17.0.3] AndroidManifest.xml:29:17-115
134                android:value="com.google.firebase.components.ComponentRegistrar" />
134-->[com.google.firebase:firebase-datatransport:17.0.3] AndroidManifest.xml:30:17-82
135        </service>
136
137        <receiver
137-->[com.google.firebase:firebase-iid:20.2.3] AndroidManifest.xml:37:9-44:20
138            android:name="com.google.firebase.iid.FirebaseInstanceIdReceiver"
138-->[com.google.firebase:firebase-iid:20.2.3] AndroidManifest.xml:38:13-78
139            android:exported="true"
139-->[com.google.firebase:firebase-iid:20.2.3] AndroidManifest.xml:39:13-36
140            android:permission="com.google.android.c2dm.permission.SEND" >
140-->[com.google.firebase:firebase-iid:20.2.3] AndroidManifest.xml:40:13-73
141            <intent-filter>
141-->[com.google.firebase:firebase-iid:20.2.3] AndroidManifest.xml:41:13-43:29
142                <action android:name="com.google.android.c2dm.intent.RECEIVE" />
142-->[com.google.firebase:firebase-iid:20.2.3] AndroidManifest.xml:42:17-81
142-->[com.google.firebase:firebase-iid:20.2.3] AndroidManifest.xml:42:25-78
143            </intent-filter>
144        </receiver>
145
146        <provider
146-->[com.google.firebase:firebase-common:20.0.0] AndroidManifest.xml:26:9-31:39
147            android:name="com.google.firebase.provider.FirebaseInitProvider"
147-->[com.google.firebase:firebase-common:20.0.0] AndroidManifest.xml:27:13-77
148            android:authorities="ucv.android.videomeeting.firebaseinitprovider"
148-->[com.google.firebase:firebase-common:20.0.0] AndroidManifest.xml:28:13-72
149            android:directBootAware="true"
149-->[com.google.firebase:firebase-common:20.0.0] AndroidManifest.xml:29:13-43
150            android:exported="false"
150-->[com.google.firebase:firebase-common:20.0.0] AndroidManifest.xml:30:13-37
151            android:initOrder="100" />
151-->[com.google.firebase:firebase-common:20.0.0] AndroidManifest.xml:31:13-36
152
153        <activity
153-->[com.google.android.gms:play-services-auth:17.0.0] AndroidManifest.xml:23:9-27:75
154            android:name="com.google.android.gms.auth.api.signin.internal.SignInHubActivity"
154-->[com.google.android.gms:play-services-auth:17.0.0] AndroidManifest.xml:24:13-93
155            android:excludeFromRecents="true"
155-->[com.google.android.gms:play-services-auth:17.0.0] AndroidManifest.xml:25:13-46
156            android:exported="false"
156-->[com.google.android.gms:play-services-auth:17.0.0] AndroidManifest.xml:26:13-37
157            android:theme="@android:style/Theme.Translucent.NoTitleBar" />
157-->[com.google.android.gms:play-services-auth:17.0.0] AndroidManifest.xml:27:13-72
158        <!--
159            Service handling Google Sign-In user revocation. For apps that do not integrate with
160            Google Sign-In, this service will never be started.
161        -->
162        <service
162-->[com.google.android.gms:play-services-auth:17.0.0] AndroidManifest.xml:33:9-36:110
163            android:name="com.google.android.gms.auth.api.signin.RevocationBoundService"
163-->[com.google.android.gms:play-services-auth:17.0.0] AndroidManifest.xml:34:13-89
164            android:exported="true"
164-->[com.google.android.gms:play-services-auth:17.0.0] AndroidManifest.xml:35:13-36
165            android:permission="com.google.android.gms.auth.api.signin.permission.REVOCATION_NOTIFICATION" />
165-->[com.google.android.gms:play-services-auth:17.0.0] AndroidManifest.xml:36:13-107
166
167        <activity
167-->[com.google.android.gms:play-services-base:17.0.0] AndroidManifest.xml:23:9-26:75
168            android:name="com.google.android.gms.common.api.GoogleApiActivity"
168-->[com.google.android.gms:play-services-base:17.0.0] AndroidManifest.xml:24:13-79
169            android:exported="false"
169-->[com.google.android.gms:play-services-base:17.0.0] AndroidManifest.xml:25:13-37
170            android:theme="@android:style/Theme.Translucent.NoTitleBar" />
170-->[com.google.android.gms:play-services-base:17.0.0] AndroidManifest.xml:26:13-72
171
172        <meta-data
172-->[com.google.android.gms:play-services-basement:17.0.0] AndroidManifest.xml:23:9-25:69
173            android:name="com.google.android.gms.version"
173-->[com.google.android.gms:play-services-basement:17.0.0] AndroidManifest.xml:24:13-58
174            android:value="@integer/google_play_services_version" />
174-->[com.google.android.gms:play-services-basement:17.0.0] AndroidManifest.xml:25:13-66
175
176        <service
176-->[com.google.android.datatransport:transport-backend-cct:2.2.0] AndroidManifest.xml:29:9-35:19
177            android:name="com.google.android.datatransport.runtime.backends.TransportBackendDiscovery"
177-->[com.google.android.datatransport:transport-backend-cct:2.2.0] AndroidManifest.xml:30:13-103
178            android:exported="false" >
178-->[com.google.android.datatransport:transport-backend-cct:2.2.0] AndroidManifest.xml:31:13-37
179            <meta-data
179-->[com.google.android.datatransport:transport-backend-cct:2.2.0] AndroidManifest.xml:32:13-34:39
180                android:name="backend:com.google.android.datatransport.cct.CctBackendFactory"
180-->[com.google.android.datatransport:transport-backend-cct:2.2.0] AndroidManifest.xml:33:17-94
181                android:value="cct" />
181-->[com.google.android.datatransport:transport-backend-cct:2.2.0] AndroidManifest.xml:34:17-36
182        </service>
183        <service
183-->[com.google.android.datatransport:transport-runtime:2.2.0] AndroidManifest.xml:26:9-30:19
184            android:name="com.google.android.datatransport.runtime.scheduling.jobscheduling.JobInfoSchedulerService"
184-->[com.google.android.datatransport:transport-runtime:2.2.0] AndroidManifest.xml:27:13-117
185            android:exported="false"
185-->[com.google.android.datatransport:transport-runtime:2.2.0] AndroidManifest.xml:28:13-37
186            android:permission="android.permission.BIND_JOB_SERVICE" >
186-->[com.google.android.datatransport:transport-runtime:2.2.0] AndroidManifest.xml:29:13-69
187        </service>
188
189        <receiver
189-->[com.google.android.datatransport:transport-runtime:2.2.0] AndroidManifest.xml:32:9-34:40
190            android:name="com.google.android.datatransport.runtime.scheduling.jobscheduling.AlarmManagerSchedulerBroadcastReceiver"
190-->[com.google.android.datatransport:transport-runtime:2.2.0] AndroidManifest.xml:33:13-132
191            android:exported="false" />
191-->[com.google.android.datatransport:transport-runtime:2.2.0] AndroidManifest.xml:34:13-37
192    </application>
193
194</manifest>